#! /c/Source/iverilog-install/bin/vvp
:ivl_version "12.0 (devel)" "(s20150603-1110-g18392a46)";
:ivl_delay_selection "TYPICAL";
:vpi_time_precision + 0;
:vpi_module "C:\BHARAT~1\iverilog\lib\ivl\system.vpi";
:vpi_module "C:\BHARAT~1\iverilog\lib\ivl\vhdl_sys.vpi";
:vpi_module "C:\BHARAT~1\iverilog\lib\ivl\vhdl_textio.vpi";
:vpi_module "C:\BHARAT~1\iverilog\lib\ivl\v2005_math.vpi";
:vpi_module "C:\BHARAT~1\iverilog\lib\ivl\va_math.vpi";
S_000001ecc3d8c250 .scope module, "testbench" "testbench" 2 1;
 .timescale 0 0;
v000001ecc3d8a410_0 .var "a", 1 0;
v000001ecc3d8a4b0_0 .var "b", 1 0;
v000001ecc3d8a550_0 .var "c", 1 0;
v000001ecc3d8a5f0_0 .var "d", 1 0;
v000001ecc3d8a690_0 .var "sel", 1 0;
v000001ecc3d8a730_0 .net "y", 1 0, v000001ecc3d8c610_0;  1 drivers
S_000001ecc3d8c3e0 .scope module, "uut" "mux" 2 8, 3 1 0, S_000001ecc3d8c250;
 .timescale 0 0;
    .port_info 0 /INPUT 2 "a";
    .port_info 1 /INPUT 2 "b";
    .port_info 2 /INPUT 2 "c";
    .port_info 3 /INPUT 2 "d";
    .port_info 4 /INPUT 2 "sel";
    .port_info 5 /OUTPUT 2 "y";
v000001ecc3d86b90_0 .net "a", 1 0, v000001ecc3d8a410_0;  1 drivers
v000001ecc3d86f00_0 .net "b", 1 0, v000001ecc3d8a4b0_0;  1 drivers
v000001ecc3d8be00_0 .net "c", 1 0, v000001ecc3d8a550_0;  1 drivers
v000001ecc3d86790_0 .net "d", 1 0, v000001ecc3d8a5f0_0;  1 drivers
v000001ecc3d8c570_0 .net "sel", 1 0, v000001ecc3d8a690_0;  1 drivers
v000001ecc3d8c610_0 .var "y", 1 0;
E_000001ecc3ca5090/0 .event anyedge, v000001ecc3d8c570_0, v000001ecc3d86b90_0, v000001ecc3d86f00_0, v000001ecc3d8be00_0;
E_000001ecc3ca5090/1 .event anyedge, v000001ecc3d86790_0;
E_000001ecc3ca5090 .event/or E_000001ecc3ca5090/0, E_000001ecc3ca5090/1;
    .scope S_000001ecc3d8c3e0;
T_0 ;
    %wait E_000001ecc3ca5090;
    %load/vec4 v000001ecc3d8c570_0;
    %dup/vec4;
    %pushi/vec4 0, 0, 2;
    %cmp/u;
    %jmp/1 T_0.0, 6;
    %dup/vec4;
    %pushi/vec4 1, 0, 2;
    %cmp/u;
    %jmp/1 T_0.1, 6;
    %dup/vec4;
    %pushi/vec4 2, 0, 2;
    %cmp/u;
    %jmp/1 T_0.2, 6;
    %dup/vec4;
    %pushi/vec4 3, 0, 2;
    %cmp/u;
    %jmp/1 T_0.3, 6;
    %jmp T_0.4;
T_0.0 ;
    %load/vec4 v000001ecc3d86b90_0;
    %store/vec4 v000001ecc3d8c610_0, 0, 2;
    %jmp T_0.4;
T_0.1 ;
    %load/vec4 v000001ecc3d86f00_0;
    %store/vec4 v000001ecc3d8c610_0, 0, 2;
    %jmp T_0.4;
T_0.2 ;
    %load/vec4 v000001ecc3d8be00_0;
    %store/vec4 v000001ecc3d8c610_0, 0, 2;
    %jmp T_0.4;
T_0.3 ;
    %load/vec4 v000001ecc3d86790_0;
    %store/vec4 v000001ecc3d8c610_0, 0, 2;
    %jmp T_0.4;
T_0.4 ;
    %pop/vec4 1;
    %jmp T_0;
    .thread T_0, $push;
    .scope S_000001ecc3d8c250;
T_1 ;
    %vpi_call 2 10 "$dumpfile", "waveform.vcd" {0 0 0};
    %vpi_call 2 11 "$dumpvars", 32'sb00000000000000000000000000000000, S_000001ecc3d8c250 {0 0 0};
    %vpi_call 2 12 "$monitor", "time=%t a=%b b=%b c=%b d=%b sel=%b y=%b", $time, v000001ecc3d8a410_0, v000001ecc3d8a4b0_0, v000001ecc3d8a550_0, v000001ecc3d8a5f0_0, v000001ecc3d8a690_0, v000001ecc3d8a730_0 {0 0 0};
    %pushi/vec4 0, 0, 2;
    %store/vec4 v000001ecc3d8a410_0, 0, 2;
    %pushi/vec4 1, 0, 2;
    %store/vec4 v000001ecc3d8a4b0_0, 0, 2;
    %pushi/vec4 2, 0, 2;
    %store/vec4 v000001ecc3d8a550_0, 0, 2;
    %pushi/vec4 3, 0, 2;
    %store/vec4 v000001ecc3d8a5f0_0, 0, 2;
    %pushi/vec4 0, 0, 2;
    %store/vec4 v000001ecc3d8a690_0, 0, 2;
    %delay 10, 0;
    %pushi/vec4 0, 0, 2;
    %store/vec4 v000001ecc3d8a410_0, 0, 2;
    %pushi/vec4 1, 0, 2;
    %store/vec4 v000001ecc3d8a4b0_0, 0, 2;
    %pushi/vec4 2, 0, 2;
    %store/vec4 v000001ecc3d8a550_0, 0, 2;
    %pushi/vec4 3, 0, 2;
    %store/vec4 v000001ecc3d8a5f0_0, 0, 2;
    %pushi/vec4 3, 0, 2;
    %store/vec4 v000001ecc3d8a690_0, 0, 2;
    %delay 10, 0;
    %pushi/vec4 0, 0, 2;
    %store/vec4 v000001ecc3d8a410_0, 0, 2;
    %pushi/vec4 1, 0, 2;
    %store/vec4 v000001ecc3d8a4b0_0, 0, 2;
    %pushi/vec4 2, 0, 2;
    %store/vec4 v000001ecc3d8a550_0, 0, 2;
    %pushi/vec4 3, 0, 2;
    %store/vec4 v000001ecc3d8a5f0_0, 0, 2;
    %pushi/vec4 1, 0, 2;
    %store/vec4 v000001ecc3d8a690_0, 0, 2;
    %delay 10, 0;
    %pushi/vec4 0, 0, 2;
    %store/vec4 v000001ecc3d8a410_0, 0, 2;
    %pushi/vec4 1, 0, 2;
    %store/vec4 v000001ecc3d8a4b0_0, 0, 2;
    %pushi/vec4 2, 0, 2;
    %store/vec4 v000001ecc3d8a550_0, 0, 2;
    %pushi/vec4 3, 0, 2;
    %store/vec4 v000001ecc3d8a5f0_0, 0, 2;
    %pushi/vec4 2, 0, 2;
    %store/vec4 v000001ecc3d8a690_0, 0, 2;
    %delay 10, 0;
    %vpi_call 2 26 "$finish" {0 0 0};
    %end;
    .thread T_1;
# The file index is used to find the file name in the following table.
:file_names 4;
    "N/A";
    "<interactive>";
    "testbench.v";
    "module.v";
